<?xml version="1.0" encoding="UTF-8"?>
<testsuite xmlns:xsi="http://www.w3.org/2001/XMLSchema-instance" xsi:noNamespaceSchemaLocation="https://maven.apache.org/surefire/maven-surefire-plugin/xsd/surefire-test-report.xsd" name="com.sandboni.core.scm.resolvers.ChangeScopeResolverTest" time="5.824" tests="2" errors="0" skipped="0" failures="0">
  <properties>
[...]
</properties>
  <testcase name="testComputeChangeScopeOfLocal" classname="com.sandboni.core.scm.resolvers.ChangeScopeResolverTest" time="4.531"/>
  <testcase name="testComputeChangeScope" classname="com.sandboni.core.scm.resolvers.ChangeScopeResolverTest" time="1.291"/>
</testsuite>